0 info it worked if it ends with ok
1 verbose cli [ '/opt/node-v4.2.3-linux-x64/bin/node',
1 verbose cli   '/opt/node/bin/npm',
1 verbose cli   'run',
1 verbose cli   'http-server' ]
2 info using npm@2.14.7
3 info using node@v4.2.3
4 verbose stack Error: missing script: http-server
4 verbose stack     at run (/opt/node-v4.2.3-linux-x64/lib/node_modules/npm/lib/run-script.js:142:19)
4 verbose stack     at /opt/node-v4.2.3-linux-x64/lib/node_modules/npm/lib/run-script.js:58:5
4 verbose stack     at /opt/node-v4.2.3-linux-x64/lib/node_modules/npm/node_modules/read-package-json/read-json.js:345:5
4 verbose stack     at checkBinReferences_ (/opt/node-v4.2.3-linux-x64/lib/node_modules/npm/node_modules/read-package-json/read-json.js:309:45)
4 verbose stack     at final (/opt/node-v4.2.3-linux-x64/lib/node_modules/npm/node_modules/read-package-json/read-json.js:343:3)
4 verbose stack     at then (/opt/node-v4.2.3-linux-x64/lib/node_modules/npm/node_modules/read-package-json/read-json.js:113:5)
4 verbose stack     at /opt/node-v4.2.3-linux-x64/lib/node_modules/npm/node_modules/read-package-json/read-json.js:232:12
4 verbose stack     at /opt/node-v4.2.3-linux-x64/lib/node_modules/npm/node_modules/graceful-fs/graceful-fs.js:76:16
4 verbose stack     at FSReqWrap.readFileAfterClose [as oncomplete] (fs.js:380:3)
5 verbose cwd /home/frederico/code/react/redux/chat_simple
6 error Linux 3.16.0-4-amd64
7 error argv "/opt/node-v4.2.3-linux-x64/bin/node" "/opt/node/bin/npm" "run" "http-server"
8 error node v4.2.3
9 error npm  v2.14.7
10 error missing script: http-server
11 error If you need help, you may report this error at:
11 error     <https://github.com/npm/npm/issues>
12 verbose exit [ 1, true ]
